Arguments: 
  C:\Program Files\nodejs\node.exe C:\Users\ruanz\AppData\Roaming\npm\node_modules\yarn\bin\yarn.js add lint-staged --dev

PATH: 
  C:\Program Files (x86)\Common Files\Oracle\Java\javapath;C:\WINDOWS\system32;C:\WINDOWS;C:\WINDOWS\System32\Wbem;C:\WINDOWS\System32\WindowsPowerShell\v1.0\;C:\WINDOWS\System32\OpenSSH\;C:\Program Files\Git\cmd;C:\Program Files\MongoDB\Server\4.4\bin;D:\Program Files (x86)\Xshell7\;C:\Program Files\dotnet\;D:\Program Files\Java\jdk1.8.0_281\bin;D:\Program Files\Java\jdk1.8.0_281\jre\bin;D:\Program Files\apache-maven-3.8.4\bin;C:\WINDOWS\system32;C:\WINDOWS;C:\WINDOWS\System32\Wbem;C:\WINDOWS\System32\WindowsPowerShell\v1.0\;C:\WINDOWS\System32\OpenSSH\;C:\Program Files\Docker\Docker\resources\bin;C:\ProgramData\DockerDesktop\version-bin;C:\Users\ruanz\AppData\Roaming\nvm;C:\Program Files\nodejs;C:\Users\ruanz\AppData\Local\Microsoft\WindowsApps;C:\Users\ruanz\AppData\Local\Programs\Microsoft VS Code\bin;C:\Users\ruanz\.dotnet\tools;D:\Program Files\JetBrains\IntelliJ IDEA 2021.3\bin;;C:\Users\ruanz\AppData\Roaming\nvm;C:\Program Files\nodejs;C:\Users\ruanz\AppData\Roaming\npm;

Yarn version: 
  1.22.15

Node version: 
  14.17.2

Platform: 
  win32 x64

Trace: 
  Error: EPERM: operation not permitted, unlink 'D:\Code\template-project\vue3-template-with-ts\node_modules\esbuild-windows-64\esbuild.exe'

npm manifest: 
  {
    "name": "vue3-template-with-ts",
    "version": "0.0.0",
    "scripts": {
      "dev": "vite",
      "build": "vue-tsc --noEmit && vite build",
      "build:auto": "vite build",
      "serve": "vite preview",
      "lint": "eslint src --fix --ext .ts,.tsx,.vue,.js,.jsx",
      "prettier": "prettier --write .",
      "prepare": "husky install"
    },
    "dependencies": {
      "@element-plus/icons-vue": "^1.1.1",
      "@vueuse/core": "^8.1.2",
      "axios": "^0.23.0",
      "dayjs": "^1.11.0",
      "echarts": "^5.3.1",
      "element-plus": "2.1.4",
      "mitt": "^3.0.0",
      "mockjs": "^1.1.0",
      "nprogress": "^0.2.0",
      "qs": "^6.10.3",
      "vue": "^3.2.16",
      "vue-router": "^4.0.11",
      "vuex": "^4.0.2"
    },
    "devDependencies": {
      "@types/node": "^16.11.4",
      "@typescript-eslint/eslint-plugin": "^5.15.0",
      "@typescript-eslint/parser": "^5.15.0",
      "@vitejs/plugin-vue": "^1.9.3",
      "eslint": "^8.11.0",
      "eslint-config-prettier": "^8.5.0",
      "eslint-plugin-prettier": "^4.0.0",
      "eslint-plugin-vue": "^8.5.0",
      "prettier": "^2.6.0",
      "sass": "^1.43.3",
      "typescript": "^4.4.3",
      "unplugin-auto-import": "^0.6.1",
      "unplugin-vue-components": "^0.17.21",
      "vite": "^2.6.4",
      "vite-plugin-html": "^2.1.1",
      "vite-plugin-mock": "^2.9.6",
      "vite-plugin-style-import": "^2.0.0",
      "vue-tsc": "^0.3.0",
      "husky": "^7.0.0"
    }
  }

yarn manifest: 
  No manifest

Lockfile: 
  No lockfile
